<?xml version="1.0" encoding="UTF-8"?>
<!-- Generated by org.testng.reporters.JUnitReportReporter -->
<testsuite hostname="SAGAR-PC" name="com.sag.maventestng.TestNGMavenClass" tests="1" failures="0" timestamp="26 Mar 2017 16:42:13 GMT" time="0.078" errors="0">
  <testcase name="citiID" time="0.078" classname="com.sag.maventestng.TestNGMavenClass"/>
</testsuite> <!-- com.sag.maventestng.TestNGMavenClass -->
