<?xml version="1.0" encoding="UTF-8"?>
<!-- Generated by org.testng.reporters.JUnitReportReporter -->
<testsuite hostname="SAGAR-PC" name="com.sag.maventestng.TestNGMavenClass" tests="1" failures="0" timestamp="8 Apr 2017 14:46:36 GMT" time="0.013" errors="0">
  <testcase name="citiID" time="0.013" classname="com.sag.maventestng.TestNGMavenClass"/>
</testsuite> <!-- com.sag.maventestng.TestNGMavenClass -->
