<?xml version="1.0" encoding="UTF-8"?>
<!-- Generated by org.testng.reporters.JUnitReportReporter -->
<testsuite hostname="SAGAR-PC" name="org.sag.maven.TARegression" tests="1" failures="0" timestamp="8 Apr 2017 14:46:36 GMT" time="0.000" errors="0">
  <testcase name="getData" time="0.000" classname="org.sag.maven.TARegression"/>
</testsuite> <!-- org.sag.maven.TARegression -->
